2025-03-06 10:11:59 [INFO]: DB_CONNECTION_STRING: 192.168.250.22:1521/orcldb
2025-03-06 10:11:59 [INFO]: Tentando conectar ao Oracle...
2025-03-06 10:11:59 [INFO]: Conectado ao Oracle!
2025-03-06 10:11:59 [INFO]: ***Versão do servidor: 19.23.0.0.0***
2025-03-06 10:12:01 [WARN]: Nenhum cliente encontrado!
2025-03-06 10:12:01 [WARN]: O objeto dadosTratados está vazio!
2025-03-06 10:12:01 [INFO]: Conexao encerrada com sucesso
2025-03-06 10:18:25 [INFO]: DB_CONNECTION_STRING: 192.168.250.22:1521/orcldb
2025-03-06 10:18:25 [INFO]: Tentando conectar ao Oracle...
2025-03-06 10:18:25 [INFO]: Conectado ao Oracle!
2025-03-06 10:18:25 [INFO]: ***Versão do servidor: 19.23.0.0.0***
2025-03-06 10:18:26 [DEBUG]: **Clientes encontrados:**
2025-03-06 10:18:26 [INFO]: Conexao encerrada com sucesso
2025-03-06 10:18:26 [DEBUG]: Cliente atualizado/criado com sucesso na BPM_CLIENTE com o ID:  455913
2025-03-06 10:18:26 [INFO]: Conexão encerrada com sucesso após criar/atualizar o cliente.
2025-03-06 10:18:26 [DEBUG]: Nova origem associada ao cliente 455913 Origem: 11
2025-03-06 10:18:26 [INFO]: Conexão encerrada com sucesso após manipular BPM_CLIENTE_ORIGENS para o cliente : 455913
2025-03-06 10:18:26 [DEBUG]: Cidade após normalização inicial: SERRA DOS AIMORES
2025-03-06 10:18:26 [DEBUG]: Novo endereço associado ao cliente 455913
2025-03-06 10:18:26 [INFO]: Conexão encerrada com sucesso após manipular BPM_CLIENTE_ENDERECOS para o cliente : 455913
2025-03-06 10:18:26 [DEBUG]: Novo telefone associado ao cliente 455913
2025-03-06 10:18:26 [INFO]: Conexão encerrada com sucesso após manipular BPM_CLIENTE_TELEFONES para o cliente : 455913
2025-03-06 10:18:26 [INFO]: Conexão encerrada com sucesso após buscar o representante.
2025-03-06 10:18:27 [DEBUG]: Novo RCA associado ao cliente 455913
2025-03-06 10:18:27 [INFO]: Conexão encerrada com sucesso após manipular BPM_CLIENTE_RCA para o cliente : 455913
2025-03-06 10:20:25 [INFO]: DB_CONNECTION_STRING: 192.168.250.22:1521/orcldb
2025-03-06 10:20:26 [INFO]: Tentando conectar ao Oracle...
2025-03-06 10:20:26 [INFO]: Conectado ao Oracle!
2025-03-06 10:20:26 [INFO]: ***Versão do servidor: 19.23.0.0.0***
2025-03-06 10:20:26 [WARN]: Nenhum cliente encontrado!
2025-03-06 10:20:26 [WARN]: O objeto dadosTratados está vazio!
2025-03-06 10:20:26 [INFO]: Conexao encerrada com sucesso
2025-03-06 10:21:25 [INFO]: DB_CONNECTION_STRING: 192.168.250.22:1521/orcldb
2025-03-06 10:21:25 [INFO]: Tentando conectar ao Oracle...
2025-03-06 10:21:25 [INFO]: Conectado ao Oracle!
2025-03-06 10:21:25 [INFO]: ***Versão do servidor: 19.23.0.0.0***
2025-03-06 10:21:26 [WARN]: Nenhum cliente encontrado!
2025-03-06 10:21:26 [WARN]: O objeto dadosTratados está vazio!
2025-03-06 10:21:26 [INFO]: Conexao encerrada com sucesso
